<?xml version="1.0" encoding="UTF-8"?>
<testng-results ignored="0" total="1" passed="1" failed="0" skipped="0">
  <reporter-output>
  </reporter-output>
  <suite started-at="2023-02-09T04:58:30 GMT-08:00" name="Default suite" finished-at="2023-02-09T04:59:11 GMT-08:00" duration-ms="40545">
    <groups>
    </groups>
    <test started-at="2023-02-09T04:58:30 GMT-08:00" name="Default test" finished-at="2023-02-09T04:59:11 GMT-08:00" duration-ms="40545">
      <class name="TestCases.POMAction1">
        <test-method is-config="true" signature="ConfigureAppium()[pri:0, instance:TestCases.POMAction1@53045c6c]" started-at="2023-02-09T04:58:30 GMT-08:00" name="ConfigureAppium" finished-at="2023-02-09T04:58:44 GMT-08:00" duration-ms="13744" status="PASS">
          <reporter-output>
          </reporter-output>
        </test-method> <!-- ConfigureAppium -->
        <test-method signature="Options()[pri:0, instance:TestCases.POMAction1@53045c6c]" started-at="2023-02-09T04:58:44 GMT-08:00" name="Options" finished-at="2023-02-09T04:59:09 GMT-08:00" duration-ms="25620" status="PASS">
          <reporter-output>
          </reporter-output>
        </test-method> <!-- Options -->
        <test-method is-config="true" signature="tearDown()[pri:0, instance:TestCases.POMAction1@53045c6c]" started-at="2023-02-09T04:59:09 GMT-08:00" name="tearDown" finished-at="2023-02-09T04:59:11 GMT-08:00" duration-ms="1144" status="PASS">
          <reporter-output>
          </reporter-output>
        </test-method> <!-- tearDown -->
      </class> <!-- TestCases.POMAction1 -->
    </test> <!-- Default test -->
  </suite> <!-- Default suite -->
</testng-results>
